
============================================================
 NUEVO MENSAJE RECIBIDO
Fecha: 2025-09-16 17:03:27
----------------------------------------
 Nombre: Usuario Prueba
 Email: fullstackdeveloper866@gmail.com
 Tel茅fono: 999888777
 Empresa: Empresa Test
 Servicio: Transporte de Residuos de Construcci贸n
 Mensaje: Mensaje de prueba
 IP: ::1
 User Agent: Mozilla/5.0 (Windows NT 10.0; Win64; x64) AppleWebKit/537.36 (KHTML, like Gecko) Chrome/140.0.0.0 Safari/537.36
============================================================

============================================================
 NUEVO MENSAJE RECIBIDO
Fecha: 2025-09-16 17:03:32
----------------------------------------
 Nombre: Usuario Prueba
 Email: fullstackdeveloper866@gmail.com
 Tel茅fono: 999888777
 Empresa: Empresa Test
 Servicio: Transporte de Residuos de Construcci贸n
 Mensaje: Mensaje de prueba
 IP: ::1
 User Agent: Mozilla/5.0 (Windows NT 10.0; Win64; x64) AppleWebKit/537.36 (KHTML, like Gecko) Chrome/140.0.0.0 Safari/537.36
============================================================

============================================================
 NUEVO MENSAJE RECIBIDO
Fecha: 2025-09-16 17:06:02
----------------------------------------
 Nombre: stev
 Email: fullstackdeveloper866@gmail.com
 Tel茅fono: 999888777
 Empresa: Empresa Test
 Servicio: Transporte de Residuos de Construcci贸n
 Mensaje: fvbtrt
 IP: ::1
 User Agent: Mozilla/5.0 (Windows NT 10.0; Win64; x64) AppleWebKit/537.36 (KHTML, like Gecko) Chrome/140.0.0.0 Safari/537.36
============================================================

============================================================
 NUEVO MENSAJE (Gmail fall贸 - guardado local)
Fecha: 2025-09-16 17:27:55
----------------------------------------
 Nombre: Usuario de Prueba
 Email: fullstackdeveloper866@gmail.com
 Tel茅fono: 999888777
 Empresa: Empresa Test
 Servicio: Transporte de Residuos de Construcci贸n
 Mensaje: dvdvws
============================================================

============================================================
 NUEVO MENSAJE (Gmail fall贸 - guardado local)
Fecha: 2025-09-16 17:28:28
----------------------------------------
 Nombre: stev
 Email: fullstackdeveloper866@gmail.com
 Tel茅fono: 999888777
 Empresa: Empresa Test
 Servicio: Atenci贸n al Cliente
 Mensaje: vvrsrb
============================================================

============================================================
 NUEVO MENSAJE (Gmail fall贸 - guardado local)
Fecha: 2025-09-16 10:35:49
----------------------------------------
 Nombre: stev
 Email: fullstackdeveloper866@gmail.com
 Tel茅fono: 916895252
 Empresa: Empresa Test
 Servicio: Atenci贸n al Cliente
 Mensaje: tbdcrnt
============================================================

============================================================
 NUEVO MENSAJE (Gmail fall贸 - guardado local)
Fecha: 2025-09-16 10:37:52
----------------------------------------
 Nombre: stev
 Email: fullstackdeveloper866@gmail.com
 Tel茅fono: 916895252
 Empresa: Empresa Test
 Servicio: Recolecci贸n de Escombros
 Mensaje: bdfndn
============================================================

============================================================
 NUEVO MENSAJE (Gmail fall贸 - guardado local)
Fecha: 2025-09-16 10:53:32
----------------------------------------
 Nombre: Usuario de Prueba
 Email: fullstackdeveloper866@gmail.com
 Tel茅fono: 999888777
 Empresa: Empresa Test
 Servicio: Recolecci贸n de Escombros
 Mensaje: Solicitud desde formulario web.
                         
Empresa: Empresa Test
Servicio solicitado: Recolecci贸n de Escombros

El cliente est谩 interesado en obtener informaci贸n sobre nuestros servicios.
============================================================

============================================================
 NUEVO MENSAJE (Gmail fall贸 - guardado local)
Fecha: 2025-09-16 10:53:50
----------------------------------------
 Nombre: Usuario Prueba
 Email: test@example.com
 Tel茅fono: 987654321
 Empresa: Empresa Test
 Servicio: Transporte de Residuos de Construcci贸n
 Mensaje: Mensaje de prueba
============================================================

============================================================
 NUEVO MENSAJE (Gmail fall贸 - guardado local)
Fecha: 2025-09-16 10:58:40
----------------------------------------
 Nombre: Usuario Prueba
 Email: test@example.com
 Tel茅fono: 987654321
 Empresa: Empresa Test
 Servicio: Transporte de Residuos de Construcci贸n
 Mensaje: Mensaje de prueba
============================================================

============================================================
 NUEVO MENSAJE (Gmail fall贸 - guardado local)
Fecha: 2025-09-16 11:09:21
----------------------------------------
 Nombre: Usuario de Prueba
 Email: fullstackdeveloper866@gmail.com
 Tel茅fono: 999888777
 Empresa: Empresa Test
 Servicio: Atenci贸n al Cliente
 Mensaje: fbfnf
============================================================

============================================================
 NUEVO MENSAJE (Gmail fall贸 - guardado local)
Fecha: 2025-09-16 11:29:39
----------------------------------------
 Nombre: stev
 Email: fullstackdeveloper866@gmail.com
 Tel茅fono: 999888777
 Empresa: Empresa Test
 Servicio: Transporte de Residuos de Construcci贸n
 Mensaje: df dfz
============================================================
